<?xml version="1.0" encoding="UTF-8"?>
<testng-results skipped="0" failed="0" total="2" passed="2">
  <reporter-output>
  </reporter-output>
  <suite name="com.demo.HelloWorldTest" duration-ms="19" started-at="2018-12-11T14:49:23Z" finished-at="2018-12-11T14:49:23Z">
    <groups>
    </groups>
    <test name="Command line test" duration-ms="19" started-at="2018-12-11T14:49:23Z" finished-at="2018-12-11T14:49:23Z">
      <class name="com.demo.HelloWorldTest">
        <test-method status="PASS" signature="testOne()[pri:0, instance:com.demo.HelloWorldTest@c818063]" name="testOne" duration-ms="7" started-at="2018-12-11T14:49:23Z" finished-at="2018-12-11T14:49:23Z">
          <reporter-output>
          </reporter-output>
        </test-method> <!-- testOne -->
        <test-method status="PASS" signature="testTwo()[pri:0, instance:com.demo.HelloWorldTest@c818063]" name="testTwo" duration-ms="0" started-at="2018-12-11T14:49:23Z" finished-at="2018-12-11T14:49:23Z">
          <reporter-output>
          </reporter-output>
        </test-method> <!-- testTwo -->
      </class> <!-- com.demo.HelloWorldTest -->
    </test> <!-- Command line test -->
  </suite> <!-- com.demo.HelloWorldTest -->
</testng-results>
