<?xml version="1.0" encoding="UTF-8"?>
<testng-results skipped="0" failed="0" total="2" passed="2">
  <reporter-output>
  </reporter-output>
  <suite name="Default suite" duration-ms="28" started-at="2018-12-11T14:39:50Z" finished-at="2018-12-11T14:39:50Z">
    <groups>
    </groups>
    <test name="Default test" duration-ms="28" started-at="2018-12-11T14:39:50Z" finished-at="2018-12-11T14:39:50Z">
      <class name="com.demo.HelloWorldTest">
        <test-method status="PASS" signature="testOne()[pri:0, instance:com.demo.HelloWorldTest@458ad742]" name="testOne" duration-ms="11" started-at="2018-12-11T14:39:50Z" finished-at="2018-12-11T14:39:50Z">
          <reporter-output>
          </reporter-output>
        </test-method> <!-- testOne -->
        <test-method status="PASS" signature="testTwo()[pri:0, instance:com.demo.HelloWorldTest@458ad742]" name="testTwo" duration-ms="1" started-at="2018-12-11T14:39:50Z" finished-at="2018-12-11T14:39:50Z">
          <reporter-output>
          </reporter-output>
        </test-method> <!-- testTwo -->
      </class> <!-- com.demo.HelloWorldTest -->
    </test> <!-- Default test -->
  </suite> <!-- Default suite -->
</testng-results>
